<?xml version="1.0" encoding="UTF-8"?>
<testng-results ignored="0" total="2" passed="2" failed="0" skipped="0">
  <reporter-output>
  </reporter-output>
  <suite started-at="2021-04-11T01:59:21 IST" name="Default suite" finished-at="2021-04-11T01:59:38 IST" duration-ms="17469">
    <groups>
    </groups>
    <test started-at="2021-04-11T01:59:21 IST" name="Default test" finished-at="2021-04-11T01:59:38 IST" duration-ms="17469">
      <class name="testcases.LoginTest">
        <test-method is-config="true" signature="setup()[pri:0, instance:testcases.LoginTest@1dde4cb2]" started-at="2021-04-11T01:59:21 IST" name="setup" finished-at="2021-04-11T01:59:27 IST" duration-ms="6441" status="PASS">
          <reporter-output>
          </reporter-output>
        </test-method> <!-- setup -->
        <test-method signature="loginPageTest()[pri:1, instance:testcases.LoginTest@1dde4cb2]" started-at="2021-04-11T01:59:27 IST" name="loginPageTest" finished-at="2021-04-11T01:59:27 IST" duration-ms="28" status="PASS">
          <reporter-output>
          </reporter-output>
        </test-method> <!-- loginPageTest -->
        <test-method is-config="true" signature="tearDown()[pri:0, instance:testcases.LoginTest@1dde4cb2]" started-at="2021-04-11T01:59:27 IST" name="tearDown" finished-at="2021-04-11T01:59:28 IST" duration-ms="775" status="PASS">
          <reporter-output>
          </reporter-output>
        </test-method> <!-- tearDown -->
        <test-method is-config="true" signature="setup()[pri:0, instance:testcases.LoginTest@1dde4cb2]" started-at="2021-04-11T01:59:28 IST" name="setup" finished-at="2021-04-11T01:59:34 IST" duration-ms="5924" status="PASS">
          <reporter-output>
          </reporter-output>
        </test-method> <!-- setup -->
        <test-method signature="loginTest()[pri:2, instance:testcases.LoginTest@1dde4cb2]" started-at="2021-04-11T01:59:34 IST" name="loginTest" finished-at="2021-04-11T01:59:36 IST" duration-ms="2531" status="PASS">
          <reporter-output>
          </reporter-output>
        </test-method> <!-- loginTest -->
        <test-method is-config="true" signature="tearDown()[pri:0, instance:testcases.LoginTest@1dde4cb2]" started-at="2021-04-11T01:59:36 IST" name="tearDown" finished-at="2021-04-11T01:59:38 IST" duration-ms="1708" status="PASS">
          <reporter-output>
          </reporter-output>
        </test-method> <!-- tearDown -->
      </class> <!-- testcases.LoginTest -->
    </test> <!-- Default test -->
  </suite> <!-- Default suite -->
</testng-results>
